<?xml version="1.0" encoding="UTF-8"?>
<!-- Generated by org.testng.reporters.JUnitXMLReporter -->
<testsuite ignored="0" hostname="Gouthams-MacBook-Pro.local" failures="1" tests="1" name="SampleSearch" time="0.064" errors="0" timestamp="2021-10-15T17:24:24 MDT">
  <testcase classname="temp.product.cscart.tc.TC_HealthCheck" name="cart_search" time="0.014">
    <failure type="java.lang.AssertionError" message="No Browser found expected [true] but found [false]">
      <![CDATA[java.lang.AssertionError: No Browser found expected [true] but found [false]
at temp.product.cscart.util.BrowserManager.getDriver(BrowserManager.java:18)
at temp.product.cscart.tc.TC_HealthCheck.cart_search(TC_HealthCheck.java:16)
at java.base/java.util.ArrayList.forEach(ArrayList.java:1511)
... Removed 30 stack frames]]>
    </failure>
  </testcase> <!-- cart_search -->
</testsuite> <!-- SampleSearch -->
